\BOOKMARK [0][]{section*.1}{Acknowledgements}{}
\BOOKMARK [0][]{section*.1}{Abstract}{}
\BOOKMARK [0][]{chapter*.2}{List of Figures}{}
\BOOKMARK [0][]{chapter*.3}{List of Tables}{}
\BOOKMARK [0][]{chapter.1}{1 Introduction}{}
\BOOKMARK [1][]{section.1.1}{1.1 Background Study}{chapter.1}
\BOOKMARK [2][]{subsection.1.1.1}{1.1.1 inner}{section.1.1}
\BOOKMARK [1][]{section.1.2}{1.2 Related Works}{chapter.1}
\BOOKMARK [1][]{section.1.3}{1.3 Summary of Gaps identified \(optional\)}{chapter.1}
\BOOKMARK [1][]{section.1.4}{1.4 Project Problem Statement and Objectives \(in detail\)}{chapter.1}
\BOOKMARK [1][]{section.1.5}{1.5 Organization of the Report}{chapter.1}
\BOOKMARK [0][]{chapter.2}{2 High-level Design}{}
\BOOKMARK [1][]{section.2.1}{2.1 Software development methodology}{chapter.2}
\BOOKMARK [1][]{section.2.2}{2.2 Architecture}{chapter.2}
\BOOKMARK [1][]{section.2.3}{2.3 Modules Description \(optional\)}{chapter.2}
\BOOKMARK [1][]{section.2.4}{2.4 Functional Requirements}{chapter.2}
\BOOKMARK [2][]{subsection.2.4.1}{2.4.1 Name of the function \(e.g., search Article, Remove Article, Add Record\)}{section.2.4}
\BOOKMARK [2][]{subsection.2.4.2}{2.4.2 Name of the function}{section.2.4}
\BOOKMARK [0][]{appendix.A}{A Title of Appendix-A}{}
\BOOKMARK [0][]{appendix.B}{B Title of Appendix-B}{}
\BOOKMARK [0][]{appendix.B}{Bibliography}{}
